\BOOKMARK [0][-]{chapter.1}{Installation}{}% 1
\BOOKMARK [1][-]{section.1.1}{Prerequisite}{chapter.1}% 2
\BOOKMARK [2][-]{subsection.1.1.1}{Minimum Requirements}{section.1.1}% 3
\BOOKMARK [2][-]{subsection.1.1.2}{Recommended Resources}{section.1.1}% 4
\BOOKMARK [1][-]{section.1.2}{Checkout Repository}{chapter.1}% 5
\BOOKMARK [2][-]{subsection.1.2.1}{Getting Write-Access to Commit Code}{section.1.2}% 6
\BOOKMARK [2][-]{subsection.1.2.2}{Checking Out}{section.1.2}% 7
\BOOKMARK [2][-]{subsection.1.2.3}{What's in there?}{section.1.2}% 8
\BOOKMARK [1][-]{section.1.3}{Build}{chapter.1}% 9
\BOOKMARK [2][-]{subsection.1.3.1}{Building core }{section.1.3}% 10
\BOOKMARK [2][-]{subsection.1.3.2}{Building UserDev }{section.1.3}% 11
\BOOKMARK [2][-]{subsection.1.3.3}{Generating Documentation}{section.1.3}% 12
\BOOKMARK [1][-]{section.1.4}{Testing Your Build}{chapter.1}% 13
\BOOKMARK [2][-]{subsection.1.4.1}{Testing Base }{section.1.4}% 14
\BOOKMARK [2][-]{subsection.1.4.2}{Testing DataFormat }{section.1.4}% 15
\BOOKMARK [2][-]{subsection.1.4.3}{Testing Analysis }{section.1.4}% 16
\BOOKMARK [2][-]{subsection.1.4.4}{Testing LArUtil }{section.1.4}% 17
\BOOKMARK [0][-]{chapter.2}{Introdcution}{}% 18
\BOOKMARK [1][-]{section.2.1}{Spirits Behind LArLight}{chapter.2}% 19
\BOOKMARK [1][-]{section.2.2}{What Is LarLight For?}{chapter.2}% 20
\BOOKMARK [2][-]{subsection.2.2.1}{For Simple C++ Code Development}{section.2.2}% 21
\BOOKMARK [2][-]{subsection.2.2.2}{For ala LArSoft data analysis}{section.2.2}% 22
\BOOKMARK [2][-]{subsection.2.2.3}{Strength: Why Using LArLight?}{section.2.2}% 23
\BOOKMARK [2][-]{subsection.2.2.4}{It is NOT a Replacement of Anything}{section.2.2}% 24
\BOOKMARK [0][-]{chapter.3}{Core Package: Base}{}% 25
\BOOKMARK [1][-]{section.3.1}{Constants and enum }{chapter.3}% 26
\BOOKMARK [2][-]{subsection.3.1.1}{FrameworkConstants.hh}{section.3.1}% 27
\BOOKMARK [2][-]{subsection.3.1.2}{DataFormatConstants.hh}{section.3.1}% 28
\BOOKMARK [2][-]{subsection.3.1.3}{MCConstants.hh}{section.3.1}% 29
\BOOKMARK [2][-]{subsection.3.1.4}{GeoConstants.hh}{section.3.1}% 30
\BOOKMARK [2][-]{subsection.3.1.5}{FEMConstants.hh}{section.3.1}% 31
\BOOKMARK [1][-]{section.3.2}{Framework Base Class}{chapter.3}% 32
\BOOKMARK [2][-]{subsection.3.2.1}{Message Carrier: Message}{section.3.2}% 33
\BOOKMARK [2][-]{subsection.3.2.2}{Framework Base: larlight\137base}{section.3.2}% 34
\BOOKMARK [0][-]{chapter.4}{Core Package: DataFormat}{}% 35
\BOOKMARK [1][-]{section.4.1}{Data Product Class}{chapter.4}% 36
\BOOKMARK [2][-]{subsection.4.1.1}{What is stored per event?}{section.4.1}% 37
\BOOKMARK [2][-]{subsection.4.1.2}{Custon data product for dynamic variable declaration ... user\137info}{section.4.1}% 38
\BOOKMARK [2][-]{subsection.4.1.3}{Association}{section.4.1}% 39
\BOOKMARK [1][-]{section.4.2}{ROOT file I/O interface}{chapter.4}% 40
\BOOKMARK [2][-]{subsection.4.2.1}{LArLight ROOT file structure}{section.4.2}% 41
\BOOKMARK [2][-]{subsection.4.2.2}{Framework I/O Interface: storage\137manager}{section.4.2}% 42
\BOOKMARK [0][-]{chapter.5}{Core Package: Analysis}{}% 43
\BOOKMARK [1][-]{section.5.1}{Analysis Unit}{chapter.5}% 44
\BOOKMARK [2][-]{subsection.5.1.1}{Flow of Function Calls}{section.5.1}% 45
\BOOKMARK [2][-]{subsection.5.1.2}{Why Unit Modulation?}{section.5.1}% 46
\BOOKMARK [1][-]{section.5.2}{Processor}{chapter.5}% 47
\BOOKMARK [2][-]{subsection.5.2.1}{Example: Running Analysis Processor}{section.5.2}% 48
\BOOKMARK [0][-]{chapter.6}{Core Package: LArUtil}{}% 49
\BOOKMARK [1][-]{section.6.1}{Utility Classes: How It Works}{chapter.6}% 50
\BOOKMARK [2][-]{subsection.6.1.1}{Basic Usage}{section.6.1}% 51
\BOOKMARK [2][-]{subsection.6.1.2}{Support for Other Experiments}{section.6.1}% 52
\BOOKMARK [2][-]{subsection.6.1.3}{Custom Geometry}{section.6.1}% 53
\BOOKMARK [1][-]{section.6.2}{ala LArSoft Utility Classes}{chapter.6}% 54
\BOOKMARK [0][-]{chapter.7}{Generate \046 Build Your Package}{}% 55
\BOOKMARK [1][-]{section.7.1}{Simple C++ Project}{chapter.7}% 56
\BOOKMARK [2][-]{subsection.7.1.1}{Using in Interpreter}{section.7.1}% 57
\BOOKMARK [2][-]{subsection.7.1.2}{``Hello World'' Development}{section.7.1}% 58
\BOOKMARK [1][-]{section.7.2}{Your Own Analysis Package}{chapter.7}% 59
\BOOKMARK [2][-]{subsection.7.2.1}{Generating Your Analysis Package}{section.7.2}% 60
\BOOKMARK [2][-]{subsection.7.2.2}{Run Your Analysis Unit: Compiled Executable}{section.7.2}% 61
\BOOKMARK [2][-]{subsection.7.2.3}{Run Your Analysis Unit: PyROOT }{section.7.2}% 62
\BOOKMARK [2][-]{subsection.7.2.4}{Expanding Your Analysis Package}{section.7.2}% 63
\BOOKMARK [0][-]{chapter.8}{Using LArLight in python }{}% 64
\BOOKMARK [1][-]{section.8.1}{python 101}{chapter.8}% 65
\BOOKMARK [1][-]{section.8.2}{PyROOT : Using ROOT Classes in python }{chapter.8}% 66
\BOOKMARK [2][-]{subsection.8.2.1}{Creating and Filling a Histogram in PyROOT }{section.8.2}% 67
\BOOKMARK [2][-]{subsection.8.2.2}{C-array, Reference, and STL Container in PyROOT }{section.8.2}% 68
\BOOKMARK [2][-]{subsection.8.2.3}{Creating an Array of Objects}{section.8.2}% 69
\BOOKMARK [1][-]{section.8.3}{LArLight Classes}{chapter.8}% 70
\BOOKMARK [2][-]{subsection.8.3.1}{Fast Execution}{section.8.3}% 71
\BOOKMARK [2][-]{subsection.8.3.2}{Easy \(possibly dirty\) Data Access}{section.8.3}% 72
\BOOKMARK [0][-]{chapter.9}{Where is LArLight Data File?}{}% 73
\BOOKMARK [1][-]{section.9.1}{Generating LArLight File}{chapter.9}% 74
\BOOKMARK [1][-]{section.9.2}{Convert From LArSoft to LArLight Data Format}{chapter.9}% 75
\BOOKMARK [2][-]{subsection.9.2.1}{LArSoft \040LArLight: DataScanner }{section.9.2}% 76
\BOOKMARK [1][-]{section.9.3}{Use Existing File}{chapter.9}% 77
\BOOKMARK [0][-]{chapter.10}{FAQ}{}% 78
\BOOKMARK [1][-]{section.10.1}{Build}{chapter.10}% 79
\BOOKMARK [1][-]{section.10.2}{Usage}{chapter.10}% 80
\BOOKMARK [1][-]{section.10.3}{Development}{chapter.10}% 81
\BOOKMARK [1][-]{section.10.4}{Repository}{chapter.10}% 82
\BOOKMARK [0][-]{chapter.11}{Releases}{}% 83
